[debug] [2022-01-03T18:00:18.170Z] ----------------------------------------------------------------------
[debug] [2022-01-03T18:00:18.172Z] Command:       /usr/local/Cellar/node/16.8.0/bin/node /usr/local/bin/firebase emulators:start
[debug] [2022-01-03T18:00:18.172Z] CLI Version:   9.20.0
[debug] [2022-01-03T18:00:18.172Z] Platform:      darwin
[debug] [2022-01-03T18:00:18.172Z] Node Version:  v16.8.0
[debug] [2022-01-03T18:00:18.173Z] Time:          Mon Jan 03 2022 18:00:18 GMT+0000 (Greenwich Mean Time)
[debug] [2022-01-03T18:00:18.174Z] ----------------------------------------------------------------------
[debug] 
[debug] [2022-01-03T18:00:18.217Z] > command requires scopes: ["email","openid","https://www.googleapis.com/auth/cloudplatformprojects.readonly","https://www.googleapis.com/auth/firebase","https://www.googleapis.com/auth/cloud-platform"]
[debug] [2022-01-03T18:00:18.217Z] > authorizing via signed-in user (lucian.boatright@googlemail.com)
[info] i  emulators: Starting emulators: firestore, hosting {"metadata":{"emulator":{"name":"hub"},"message":"Starting emulators: firestore, hosting"}}
[debug] [2022-01-03T18:00:18.229Z] [hub] writing locator at /var/folders/sv/w_k2z4ys69vfdvhqyvdsjhqc0000gn/T/hub-mywatchboxweb.json
[debug] [2022-01-03T18:00:18.237Z] Ignoring unsupported arg: projectId {"metadata":{"emulator":{"name":"firestore"},"message":"Ignoring unsupported arg: projectId"}}
[debug] [2022-01-03T18:00:18.237Z] Ignoring unsupported arg: auto_download {"metadata":{"emulator":{"name":"firestore"},"message":"Ignoring unsupported arg: auto_download"}}
[debug] [2022-01-03T18:00:18.238Z] Starting Firestore Emulator with command {"binary":"java","args":["-Dgoogle.cloud_firestore.debug_log_level=FINE","-Duser.language=en","-jar","/Users/lukeboat/.cache/firebase/emulators/cloud-firestore-emulator-v1.13.1.jar","--host","localhost","--port",8080,"--rules","/Users/lukeboat/Documents/Programming/WatchBoxApp/RollandBox/firestore.rules"],"optionalArgs":["port","webchannel_port","host","rules","functions_emulator","seed_from_export"],"joinArgs":false} {"metadata":{"emulator":{"name":"firestore"},"message":"Starting Firestore Emulator with command {\"binary\":\"java\",\"args\":[\"-Dgoogle.cloud_firestore.debug_log_level=FINE\",\"-Duser.language=en\",\"-jar\",\"/Users/lukeboat/.cache/firebase/emulators/cloud-firestore-emulator-v1.13.1.jar\",\"--host\",\"localhost\",\"--port\",8080,\"--rules\",\"/Users/lukeboat/Documents/Programming/WatchBoxApp/RollandBox/firestore.rules\"],\"optionalArgs\":[\"port\",\"webchannel_port\",\"host\",\"rules\",\"functions_emulator\",\"seed_from_export\"],\"joinArgs\":false}"}}
[info] i  firestore: Firestore Emulator logging to firestore-debug.log {"metadata":{"emulator":{"name":"firestore"},"message":"Firestore Emulator logging to \u001b[1mfirestore-debug.log\u001b[22m"}}
[debug] [2022-01-03T18:00:18.990Z] Jan 03, 2022 6:00:18 PM com.google.cloud.datastore.emulator.firestore.websocket.WebSocketServer start
INFO: Started WebSocket server on ws://localhost:50010
 {"metadata":{"emulator":{"name":"firestore"},"message":"Jan 03, 2022 6:00:18 PM com.google.cloud.datastore.emulator.firestore.websocket.WebSocketServer start\nINFO: Started WebSocket server on ws://localhost:50010\n"}}
[debug] [2022-01-03T18:00:19.034Z] API endpoint: http://localhost:8080 {"metadata":{"emulator":{"name":"firestore"},"message":"API endpoint: http://localhost:8080"}}
[debug] [2022-01-03T18:00:19.035Z] 
If you are using a library that supports the FIRESTORE_EMULATOR_HOST environment variable, run:

   export FIRESTORE_EMULATOR_HOST=localhost:8080

Dev App Server is now running.

 {"metadata":{"emulator":{"name":"firestore"},"message":"\nIf you are using a library that supports the FIRESTORE_EMULATOR_HOST environment variable, run:\n\n   export FIRESTORE_EMULATOR_HOST=localhost:8080\n\nDev App Server is now running.\n\n"}}
[debug] [2022-01-03T18:00:19.265Z] >>> [apiv2][query] GET https://firebasehosting.googleapis.com/v1beta1/projects/mywatchboxweb/sites 
[debug] [2022-01-03T18:00:20.773Z] <<< [apiv2][status] GET https://firebasehosting.googleapis.com/v1beta1/projects/mywatchboxweb/sites 200
[debug] [2022-01-03T18:00:20.774Z] <<< [apiv2][body] GET https://firebasehosting.googleapis.com/v1beta1/projects/mywatchboxweb/sites {"sites":[{"name":"projects/922169170815/sites/mywatchboxweb","defaultUrl":"https://mywatchboxweb.web.app","appId":"1:922169170815:web:4a8cf6b43d83ffb23e584a","type":"DEFAULT_SITE"}]}
[debug] [2022-01-03T18:00:20.774Z] >>> [apiv2][query] GET https://firebase.googleapis.com/v1beta1/projects/mywatchboxweb/webApps/1:922169170815:web:4a8cf6b43d83ffb23e584a/config [none]
[debug] [2022-01-03T18:00:22.917Z] <<< [apiv2][status] GET https://firebase.googleapis.com/v1beta1/projects/mywatchboxweb/webApps/1:922169170815:web:4a8cf6b43d83ffb23e584a/config 200
[debug] [2022-01-03T18:00:22.918Z] <<< [apiv2][body] GET https://firebase.googleapis.com/v1beta1/projects/mywatchboxweb/webApps/1:922169170815:web:4a8cf6b43d83ffb23e584a/config {"projectId":"mywatchboxweb","appId":"1:922169170815:web:4a8cf6b43d83ffb23e584a","storageBucket":"mywatchboxweb.appspot.com","locationId":"europe-west","apiKey":"AIzaSyC7p3mdGL8qY_vkyRWA994aqMUGUvJhJAM","authDomain":"mywatchboxweb.firebaseapp.com","messagingSenderId":"922169170815","measurementId":"G-NZ3TXM48WV"}
[info] i  hosting: Serving hosting files from: build {"metadata":{"emulator":{"name":"hosting"},"message":"Serving hosting files from: \u001b[1mbuild\u001b[22m"}}
[info] ✔  hosting: Local server: http://localhost:5000 {"metadata":{"emulator":{"name":"hosting"},"message":"Local server: \u001b[4m\u001b[1mhttp://localhost:5000\u001b[22m\u001b[24m"}}
[debug] [2022-01-03T18:00:22.958Z] Ignoring unsupported arg: auto_download {"metadata":{"emulator":{"name":"ui"},"message":"Ignoring unsupported arg: auto_download"}}
[debug] [2022-01-03T18:00:22.958Z] Ignoring unsupported arg: port {"metadata":{"emulator":{"name":"ui"},"message":"Ignoring unsupported arg: port"}}
[debug] [2022-01-03T18:00:22.958Z] Starting Emulator UI with command {"binary":"node","args":["/Users/lukeboat/.cache/firebase/emulators/ui-v1.6.3/server.bundle.js"],"optionalArgs":[],"joinArgs":false} {"metadata":{"emulator":{"name":"ui"},"message":"Starting Emulator UI with command {\"binary\":\"node\",\"args\":[\"/Users/lukeboat/.cache/firebase/emulators/ui-v1.6.3/server.bundle.js\"],\"optionalArgs\":[],\"joinArgs\":false}"}}
[info] i  ui: Emulator UI logging to ui-debug.log {"metadata":{"emulator":{"name":"ui"},"message":"Emulator UI logging to \u001b[1mui-debug.log\u001b[22m"}}
[debug] [2022-01-03T18:00:23.054Z] Web / API server started at localhost:4000
 {"metadata":{"emulator":{"name":"ui"},"message":"Web / API server started at localhost:4000\n"}}
[info] 
┌─────────────────────────────────────────────────────────────┐
│ ✔  All emulators ready! It is now safe to connect your app. │
│ i  View Emulator UI at http://localhost:4000                │
└─────────────────────────────────────────────────────────────┘

┌───────────┬────────────────┬─────────────────────────────────┐
│ Emulator  │ Host:Port      │ View in Emulator UI             │
├───────────┼────────────────┼─────────────────────────────────┤
│ Firestore │ localhost:8080 │ http://localhost:4000/firestore │
├───────────┼────────────────┼─────────────────────────────────┤
│ Hosting   │ localhost:5000 │ n/a                             │
└───────────┴────────────────┴─────────────────────────────────┘
  Emulator Hub running at localhost:4400
  Other reserved ports: 4500

Issues? Report them at https://github.com/firebase/firebase-tools/issues and attach the *-debug.log files.
 
[debug] [2022-01-03T18:00:30.071Z] Jan 03, 2022 6:00:30 PM io.gapi.emulators.netty.HttpVersionRoutingHandler channelRead
INFO: Detected HTTP/2 connection.
 {"metadata":{"emulator":{"name":"firestore"},"message":"Jan 03, 2022 6:00:30 PM io.gapi.emulators.netty.HttpVersionRoutingHandler channelRead\nINFO: Detected HTTP/2 connection.\n"}}
[debug] [2022-01-03T18:00:30.718Z] Jan 03, 2022 6:00:30 PM io.netty.channel.DefaultChannelPipeline onUnhandledInboundException
WARNING: An exceptionCaught() event was fired, and it reached at the tail of the pipeline. It usually means the last handler in the pipeline did not handle the exception.
java.io.IOException: Connection reset by peer
	at sun.nio.ch.FileDispatcherImpl.read0(Native Method)
	at sun.nio.ch.SocketDispatcher.read(SocketDispatcher.java:39)
	at sun.nio.ch.IOUtil.readIntoNativeBuffer(IOUtil.java:223)
	at sun.nio.ch.IOUtil.read(IOUtil.java:192)
	at sun.nio.ch.SocketChannelImpl.read(SocketChannelImpl.java:378)
	at io.netty.buffer.PooledByteBuf.setBytes(PooledByteBuf.java:253)
	at io.netty.buffer.AbstractByteBuf.writeBytes(AbstractByteBuf.java:1133)
	at io.netty.channel.socket.nio.NioSocketChannel.doReadBytes(NioSocketChannel.java:350)
	at io.netty.channel.nio.AbstractNioByteChannel$NioByteUnsafe.read(AbstractNioByteChannel.java:151)
	at io.netty.channel.nio.NioEventLoop.processSelectedKey(NioEventLoop.java:714)
	at io.netty.channel.nio.NioEventLoop.processSelectedKeysOptimized(NioEventLoop.java:650)
	at io.netty.channel.nio.NioEventLoop.processSelectedKeys(NioEventLoop.java:576)
	at io.netty.channel.nio.NioEventLoop.run(NioEventLoop.java:493)
	at io.netty.util.concurrent.SingleThreadEventExecutor$4.run(SingleThreadEventExecutor.java:989)
	at io.netty.util.internal.ThreadExecutorMap$2.run(ThreadExecutorMap.java:74)
	at io.netty.util.concurrent.FastThreadLocalRunnable.run(FastThreadLocalRunnable.java:30)
	at java.lang.Thread.run(Thread.java:748)

 {"metadata":{"emulator":{"name":"firestore"},"message":"Jan 03, 2022 6:00:30 PM io.netty.channel.DefaultChannelPipeline onUnhandledInboundException\nWARNING: An exceptionCaught() event was fired, and it reached at the tail of the pipeline. It usually means the last handler in the pipeline did not handle the exception.\njava.io.IOException: Connection reset by peer\n\tat sun.nio.ch.FileDispatcherImpl.read0(Native Method)\n\tat sun.nio.ch.SocketDispatcher.read(SocketDispatcher.java:39)\n\tat sun.nio.ch.IOUtil.readIntoNativeBuffer(IOUtil.java:223)\n\tat sun.nio.ch.IOUtil.read(IOUtil.java:192)\n\tat sun.nio.ch.SocketChannelImpl.read(SocketChannelImpl.java:378)\n\tat io.netty.buffer.PooledByteBuf.setBytes(PooledByteBuf.java:253)\n\tat io.netty.buffer.AbstractByteBuf.writeBytes(AbstractByteBuf.java:1133)\n\tat io.netty.channel.socket.nio.NioSocketChannel.doReadBytes(NioSocketChannel.java:350)\n\tat io.netty.channel.nio.AbstractNioByteChannel$NioByteUnsafe.read(AbstractNioByteChannel.java:151)\n\tat io.netty.channel.nio.NioEventLoop.processSelectedKey(NioEventLoop.java:714)\n\tat io.netty.channel.nio.NioEventLoop.processSelectedKeysOptimized(NioEventLoop.java:650)\n\tat io.netty.channel.nio.NioEventLoop.processSelectedKeys(NioEventLoop.java:576)\n\tat io.netty.channel.nio.NioEventLoop.run(NioEventLoop.java:493)\n\tat io.netty.util.concurrent.SingleThreadEventExecutor$4.run(SingleThreadEventExecutor.java:989)\n\tat io.netty.util.internal.ThreadExecutorMap$2.run(ThreadExecutorMap.java:74)\n\tat io.netty.util.concurrent.FastThreadLocalRunnable.run(FastThreadLocalRunnable.java:30)\n\tat java.lang.Thread.run(Thread.java:748)\n\n"}}
